<?xml version="1.0" encoding="UTF-8"?>
<testsuite name="org.sih.itantra.PttStateMachineTest" tests="3" skipped="0" failures="0" errors="0" timestamp="2026-09-05T18:21:03" hostname="MSI" time="0.02">
  <properties/>
  <testcase name="testReset" classname="org.sih.itantra.PttStateMachineTest" time="0.018"/>
  <testcase name="testInvalidTransitionRejected" classname="org.sih.itantra.PttStateMachineTest" time="0.001"/>
  <testcase name="testNormalPttCycle" classname="org.sih.itantra.PttStateMachineTest" time="0.001"/>
  <system-out><![CDATA[]]></system-out>
  <system-err><![CDATA[]]></system-err>
</testsuite>
