<?xml version="1.0" encoding="UTF-8"?>
<testsuite name="org.sih.itantra.PacketSerializerTest" tests="4" skipped="0" failures="0" errors="0" timestamp="2026-09-05T18:09:48" hostname="MSI" time="0.012">
  <properties/>
  <testcase name="testSerializationRoundTrip" classname="org.sih.itantra.PacketSerializerTest" time="0.003"/>
  <testcase name="testCorruptedCrcThrowsException" classname="org.sih.itantra.PacketSerializerTest" time="0.005"/>
  <testcase name="testUndersizedPacketThrowsException" classname="org.sih.itantra.PacketSerializerTest" time="0.003"/>
  <testcase name="testCorruptedMagicThrowsException" classname="org.sih.itantra.PacketSerializerTest" time="0.001"/>
  <system-out><![CDATA[]]></system-out>
  <system-err><![CDATA[]]></system-err>
</testsuite>
